[32minfo[39m: ::1 - - [13/Jun/2019:15:31:52 +0000] "GET /repeat-please/lyric/my_id HTTP/1.1" 500 2322 "-" "PostmanRuntime/7.6.0"
 {"timestamp":"2019-06-13 12:31:52"}
[32minfo[39m: ::1 - - [13/Jun/2019:15:33:22 +0000] "GET /repeat-please/lyric/my_id HTTP/1.1" 500 2312 "-" "PostmanRuntime/7.6.0"
 {"timestamp":"2019-06-13 12:33:22"}
[32minfo[39m: ::1 - - [13/Jun/2019:15:34:11 +0000] "GET /repeat-please/lyric/ping HTTP/1.1" 200 57 "-" "PostmanRuntime/7.6.0"
 {"timestamp":"2019-06-13 12:34:11"}
[32minfo[39m: ::1 - - [13/Jun/2019:15:36:33 +0000] "GET /repeat-please/lyric/ping HTTP/1.1" 200 57 "-" "PostmanRuntime/7.6.0"
 {"timestamp":"2019-06-13 12:36:33"}
[32minfo[39m: ::1 - - [13/Jun/2019:15:36:40 +0000] "GET /repeat-please/lyric/12345 HTTP/1.1" 200 12 "-" "PostmanRuntime/7.6.0"
 {"timestamp":"2019-06-13 12:36:40"}
[32minfo[39m: ::1 - - [13/Jun/2019:15:37:10 +0000] "GET /repeat-please/lyric/fetch?limit=100 HTTP/1.1" 200 12 "-" "PostmanRuntime/7.6.0"
 {"timestamp":"2019-06-13 12:37:10"}
[32minfo[39m: ::1 - - [13/Jun/2019:15:37:27 +0000] "GET /repeat-please/lyric/id=100 HTTP/1.1" 200 12 "-" "PostmanRuntime/7.6.0"
 {"timestamp":"2019-06-13 12:37:27"}
[32minfo[39m: ::1 - - [13/Jun/2019:15:40:15 +0000] "GET /repeat-please/lyric/12345 HTTP/1.1" 200 8 "-" "PostmanRuntime/7.6.0"
 {"timestamp":"2019-06-13 12:40:15"}
[32minfo[39m: ::1 - - [13/Jun/2019:15:41:36 +0000] "GET /repeat-please/lyric/fetch?limit=100 HTTP/1.1" 200 8 "-" "PostmanRuntime/7.6.0"
 {"timestamp":"2019-06-13 12:41:36"}
[32minfo[39m: ::1 - - [13/Jun/2019:15:42:52 +0000] "GET /repeat-please/lyric/fetch?limit=100 HTTP/1.1" 200 8 "-" "PostmanRuntime/7.6.0"
 {"timestamp":"2019-06-13 12:42:52"}
[32minfo[39m: ::1 - - [13/Jun/2019:15:45:28 +0000] "GET /repeat-please/lyric/fetch?limit=100 HTTP/1.1" 200 8 "-" "PostmanRuntime/7.6.0"
 {"timestamp":"2019-06-13 12:45:28"}
[32minfo[39m: ::1 - - [13/Jun/2019:15:47:34 +0000] "GET /repeat-please/lyric/fetch?limit=100 HTTP/1.1" 200 22 "-" "PostmanRuntime/7.6.0"
 {"timestamp":"2019-06-13 12:47:34"}
[32minfo[39m: ::1 - - [13/Jun/2019:15:47:53 +0000] "GET /repeat-please/lyric/12345 HTTP/1.1" 200 28 "-" "PostmanRuntime/7.6.0"
 {"timestamp":"2019-06-13 12:47:53"}
[32minfo[39m: ::1 - - [13/Jun/2019:15:49:04 +0000] "GET /repeat-please/lyric/12345 HTTP/1.1" 404 61 "-" "PostmanRuntime/7.6.0"
 {"timestamp":"2019-06-13 12:49:04"}
[32minfo[39m: ::1 - - [13/Jun/2019:15:52:41 +0000] "GET /repeat-please/lyric/12345 HTTP/1.1" 200 28 "-" "PostmanRuntime/7.6.0"
 {"timestamp":"2019-06-13 12:52:41"}
[32minfo[39m: ::1 - - [13/Jun/2019:15:52:57 +0000] "GET /repeat-please/lyric/fetch?limit=100 HTTP/1.1" 200 22 "-" "PostmanRuntime/7.6.0"
 {"timestamp":"2019-06-13 12:52:57"}
[32minfo[39m: ::1 - - [13/Jun/2019:15:53:09 +0000] "GET /repeat-please/lyric/fetch/query?limit=100 HTTP/1.1" 200 23 "-" "PostmanRuntime/7.6.0"
 {"timestamp":"2019-06-13 12:53:09"}
[32minfo[39m: ::1 - - [13/Jun/2019:15:53:28 +0000] "GET /repeat-please/lyric/fetch/query?limit=100 HTTP/1.1" 200 28 "-" "PostmanRuntime/7.6.0"
 {"timestamp":"2019-06-13 12:53:28"}
[32minfo[39m: User marcio.souza@email.com logged {"timestamp":"2019-06-13 16:04:07"}
[32minfo[39m: ::1 - - [13/Jun/2019:19:04:07 +0000] "POST /repeat-please/auth/login HTTP/1.1" 200 230 "-" "PostmanRuntime/7.6.0"
 {"timestamp":"2019-06-13 16:04:07"}
[32minfo[39m: ::1 - - [13/Jun/2019:19:16:35 +0000] "GET /repeat-please/lyric/5d0172ddec7365338e5ce52c HTTP/1.1" 200 350 "-" "PostmanRuntime/7.6.0"
 {"timestamp":"2019-06-13 16:16:35"}
[31merror[39m: Error: DB Error
    at Lyric.findOne (/home/marcio.souza/projetos/repeat-please/code/repeat-please-api/src/services/lyric/fetch.js:29:37)
    at /home/marcio.souza/projetos/repeat-please/code/repeat-please-api/node_modules/mongoose/lib/model.js:4759:16
    at model.Query.<anonymous> (/home/marcio.souza/projetos/repeat-please/code/repeat-please-api/node_modules/mongoose/lib/query.js:1979:5)
    at model.Query._wrappedThunk [as _findOne] (/home/marcio.souza/projetos/repeat-please/code/repeat-please-api/node_modules/mongoose/lib/helpers/query/wrapThunk.js:16:8)
    at process.nextTick (/home/marcio.souza/projetos/repeat-please/code/repeat-please-api/node_modules/kareem/index.js:369:33)
    at processTicksAndRejections (internal/process/next_tick.js:74:9) {"timestamp":"2019-06-13 16:33:53"}
[32minfo[39m: ::1 - - [13/Jun/2019:19:33:53 +0000] "GET /repeat-please/lyric/5d0172ddec7365338e5ce HTTP/1.1" 502 60 "-" "PostmanRuntime/7.6.0"
 {"timestamp":"2019-06-13 16:33:53"}
[31merror[39m: Error: Cast to ObjectId failed for value "5d0172ddec7365338e5ce" at path "_id" for model "Lyric"
    at Lyric.findOne (/home/marcio.souza/projetos/repeat-please/code/repeat-please-api/src/services/lyric/fetch.js:30:21)
    at /home/marcio.souza/projetos/repeat-please/code/repeat-please-api/node_modules/mongoose/lib/model.js:4759:16
    at model.Query.<anonymous> (/home/marcio.souza/projetos/repeat-please/code/repeat-please-api/node_modules/mongoose/lib/query.js:1979:5)
    at model.Query._wrappedThunk [as _findOne] (/home/marcio.souza/projetos/repeat-please/code/repeat-please-api/node_modules/mongoose/lib/helpers/query/wrapThunk.js:16:8)
    at process.nextTick (/home/marcio.souza/projetos/repeat-please/code/repeat-please-api/node_modules/kareem/index.js:369:33)
    at processTicksAndRejections (internal/process/next_tick.js:74:9) {"timestamp":"2019-06-13 16:34:44"}
[32minfo[39m: ::1 - - [13/Jun/2019:19:34:44 +0000] "GET /repeat-please/lyric/5d0172ddec7365338e5ce HTTP/1.1" 502 147 "-" "PostmanRuntime/7.6.0"
 {"timestamp":"2019-06-13 16:34:44"}
[32minfo[39m: ::1 - - [13/Jun/2019:19:35:29 +0000] "GET /repeat-please/lyric/5cf2c386c6eb052764216153 HTTP/1.1" 200 212 "-" "PostmanRuntime/7.6.0"
 {"timestamp":"2019-06-13 16:35:29"}
[31merror[39m: Error: Lyric not found
    at Lyric.findOne (/home/marcio.souza/projetos/repeat-please/code/repeat-please-api/src/services/lyric/fetch.js:36:21)
    at /home/marcio.souza/projetos/repeat-please/code/repeat-please-api/node_modules/mongoose/lib/model.js:4759:16
    at /home/marcio.souza/projetos/repeat-please/code/repeat-please-api/node_modules/mongoose/lib/query.js:4099:12
    at model.Query.Query._completeOne (/home/marcio.souza/projetos/repeat-please/code/repeat-please-api/node_modules/mongoose/lib/query.js:1933:12)
    at Immediate.Query.base.findOne.call (/home/marcio.souza/projetos/repeat-please/code/repeat-please-api/node_modules/mongoose/lib/query.js:1993:10)
    at Immediate._onImmediate (/home/marcio.souza/projetos/repeat-please/code/repeat-please-api/node_modules/mquery/lib/utils.js:116:16)
    at processImmediate (timers.js:637:19) {"timestamp":"2019-06-13 16:35:37"}
[32minfo[39m: ::1 - - [13/Jun/2019:19:35:37 +0000] "GET /repeat-please/lyric/5cf2c386c6eb052764216154 HTTP/1.1" 404 67 "-" "PostmanRuntime/7.6.0"
 {"timestamp":"2019-06-13 16:35:37"}
