[32minfo[39m: ::1 - - [31/May/2019:16:58:32 +0000] "GET /repeat-please/lyric HTTP/1.1" 200 57 "-" "PostmanRuntime/7.6.0"
 {"timestamp":"2019-05-31 13:58:32"}
[31merror[39m: Error: Title required
    at module.exports.create (/home/marcio.souza/projetos/repeat-please/code/repeat-please-api/src/controllers/lyricController.js:11:44)
    at Layer.handle [as handle_request] (/home/marcio.souza/projetos/repeat-please/code/repeat-please-api/node_modules/express/lib/router/layer.js:95:5)
    at next (/home/marcio.souza/projetos/repeat-please/code/repeat-please-api/node_modules/express/lib/router/route.js:137:13)
    at Route.dispatch (/home/marcio.souza/projetos/repeat-please/code/repeat-please-api/node_modules/express/lib/router/route.js:112:3)
    at Layer.handle [as handle_request] (/home/marcio.souza/projetos/repeat-please/code/repeat-please-api/node_modules/express/lib/router/layer.js:95:5)
    at /home/marcio.souza/projetos/repeat-please/code/repeat-please-api/node_modules/express/lib/router/index.js:281:22
    at Function.process_params (/home/marcio.souza/projetos/repeat-please/code/repeat-please-api/node_modules/express/lib/router/index.js:335:12)
    at next (/home/marcio.souza/projetos/repeat-please/code/repeat-please-api/node_modules/express/lib/router/index.js:275:10)
    at jsonParser (/home/marcio.souza/projetos/repeat-please/code/repeat-please-api/node_modules/body-parser/lib/types/json.js:101:7)
    at Layer.handle [as handle_request] (/home/marcio.souza/projetos/repeat-please/code/repeat-please-api/node_modules/express/lib/router/layer.js:95:5)
    at trim_prefix (/home/marcio.souza/projetos/repeat-please/code/repeat-please-api/node_modules/express/lib/router/index.js:317:13)
    at /home/marcio.souza/projetos/repeat-please/code/repeat-please-api/node_modules/express/lib/router/index.js:284:7
    at Function.process_params (/home/marcio.souza/projetos/repeat-please/code/repeat-please-api/node_modules/express/lib/router/index.js:335:12)
    at next (/home/marcio.souza/projetos/repeat-please/code/repeat-please-api/node_modules/express/lib/router/index.js:275:10)
    at urlencodedParser (/home/marcio.souza/projetos/repeat-please/code/repeat-please-api/node_modules/body-parser/lib/types/urlencoded.js:82:7)
    at Layer.handle [as handle_request] (/home/marcio.souza/projetos/repeat-please/code/repeat-please-api/node_modules/express/lib/router/layer.js:95:5) {"timestamp":"2019-05-31 14:01:39"}
[32minfo[39m: ::1 - - [31/May/2019:17:01:39 +0000] "POST /repeat-please/lyric HTTP/1.1" 405 66 "-" "PostmanRuntime/7.6.0"
 {"timestamp":"2019-05-31 14:01:39"}
[31merror[39m: Error: Title required
    at module.exports.create (/home/marcio.souza/projetos/repeat-please/code/repeat-please-api/src/controllers/lyricController.js:11:44)
    at Layer.handle [as handle_request] (/home/marcio.souza/projetos/repeat-please/code/repeat-please-api/node_modules/express/lib/router/layer.js:95:5)
    at next (/home/marcio.souza/projetos/repeat-please/code/repeat-please-api/node_modules/express/lib/router/route.js:137:13)
    at Route.dispatch (/home/marcio.souza/projetos/repeat-please/code/repeat-please-api/node_modules/express/lib/router/route.js:112:3)
    at Layer.handle [as handle_request] (/home/marcio.souza/projetos/repeat-please/code/repeat-please-api/node_modules/express/lib/router/layer.js:95:5)
    at /home/marcio.souza/projetos/repeat-please/code/repeat-please-api/node_modules/express/lib/router/index.js:281:22
    at Function.process_params (/home/marcio.souza/projetos/repeat-please/code/repeat-please-api/node_modules/express/lib/router/index.js:335:12)
    at next (/home/marcio.souza/projetos/repeat-please/code/repeat-please-api/node_modules/express/lib/router/index.js:275:10)
    at jsonParser (/home/marcio.souza/projetos/repeat-please/code/repeat-please-api/node_modules/body-parser/lib/types/json.js:101:7)
    at Layer.handle [as handle_request] (/home/marcio.souza/projetos/repeat-please/code/repeat-please-api/node_modules/express/lib/router/layer.js:95:5)
    at trim_prefix (/home/marcio.souza/projetos/repeat-please/code/repeat-please-api/node_modules/express/lib/router/index.js:317:13)
    at /home/marcio.souza/projetos/repeat-please/code/repeat-please-api/node_modules/express/lib/router/index.js:284:7
    at Function.process_params (/home/marcio.souza/projetos/repeat-please/code/repeat-please-api/node_modules/express/lib/router/index.js:335:12)
    at next (/home/marcio.souza/projetos/repeat-please/code/repeat-please-api/node_modules/express/lib/router/index.js:275:10)
    at urlencodedParser (/home/marcio.souza/projetos/repeat-please/code/repeat-please-api/node_modules/body-parser/lib/types/urlencoded.js:82:7)
    at Layer.handle [as handle_request] (/home/marcio.souza/projetos/repeat-please/code/repeat-please-api/node_modules/express/lib/router/layer.js:95:5) {"timestamp":"2019-05-31 18:59:58"}
[32minfo[39m: ::1 - - [31/May/2019:21:59:58 +0000] "POST /repeat-please/lyric HTTP/1.1" 405 66 "-" "PostmanRuntime/7.6.0"
 {"timestamp":"2019-05-31 18:59:58"}
[31merror[39m: Error: Title required
    at module.exports.create (/home/marcio.souza/projetos/repeat-please/code/repeat-please-api/src/controllers/lyricController.js:11:44)
    at Layer.handle [as handle_request] (/home/marcio.souza/projetos/repeat-please/code/repeat-please-api/node_modules/express/lib/router/layer.js:95:5)
    at next (/home/marcio.souza/projetos/repeat-please/code/repeat-please-api/node_modules/express/lib/router/route.js:137:13)
    at Route.dispatch (/home/marcio.souza/projetos/repeat-please/code/repeat-please-api/node_modules/express/lib/router/route.js:112:3)
    at Layer.handle [as handle_request] (/home/marcio.souza/projetos/repeat-please/code/repeat-please-api/node_modules/express/lib/router/layer.js:95:5)
    at /home/marcio.souza/projetos/repeat-please/code/repeat-please-api/node_modules/express/lib/router/index.js:281:22
    at Function.process_params (/home/marcio.souza/projetos/repeat-please/code/repeat-please-api/node_modules/express/lib/router/index.js:335:12)
    at next (/home/marcio.souza/projetos/repeat-please/code/repeat-please-api/node_modules/express/lib/router/index.js:275:10)
    at jsonParser (/home/marcio.souza/projetos/repeat-please/code/repeat-please-api/node_modules/body-parser/lib/types/json.js:101:7)
    at Layer.handle [as handle_request] (/home/marcio.souza/projetos/repeat-please/code/repeat-please-api/node_modules/express/lib/router/layer.js:95:5)
    at trim_prefix (/home/marcio.souza/projetos/repeat-please/code/repeat-please-api/node_modules/express/lib/router/index.js:317:13)
    at /home/marcio.souza/projetos/repeat-please/code/repeat-please-api/node_modules/express/lib/router/index.js:284:7
    at Function.process_params (/home/marcio.souza/projetos/repeat-please/code/repeat-please-api/node_modules/express/lib/router/index.js:335:12)
    at next (/home/marcio.souza/projetos/repeat-please/code/repeat-please-api/node_modules/express/lib/router/index.js:275:10)
    at urlencodedParser (/home/marcio.souza/projetos/repeat-please/code/repeat-please-api/node_modules/body-parser/lib/types/urlencoded.js:82:7)
    at Layer.handle [as handle_request] (/home/marcio.souza/projetos/repeat-please/code/repeat-please-api/node_modules/express/lib/router/layer.js:95:5) {"timestamp":"2019-05-31 19:03:45"}
[32minfo[39m: ::1 - - [31/May/2019:22:03:45 +0000] "POST /repeat-please/lyric HTTP/1.1" 405 66 "-" "PostmanRuntime/7.6.0"
 {"timestamp":"2019-05-31 19:03:45"}
[31merror[39m: Error: Title required
    at module.exports.create (/home/marcio.souza/projetos/repeat-please/code/repeat-please-api/src/controllers/lyricController.js:11:44)
    at Layer.handle [as handle_request] (/home/marcio.souza/projetos/repeat-please/code/repeat-please-api/node_modules/express/lib/router/layer.js:95:5)
    at next (/home/marcio.souza/projetos/repeat-please/code/repeat-please-api/node_modules/express/lib/router/route.js:137:13)
    at Route.dispatch (/home/marcio.souza/projetos/repeat-please/code/repeat-please-api/node_modules/express/lib/router/route.js:112:3)
    at Layer.handle [as handle_request] (/home/marcio.souza/projetos/repeat-please/code/repeat-please-api/node_modules/express/lib/router/layer.js:95:5)
    at /home/marcio.souza/projetos/repeat-please/code/repeat-please-api/node_modules/express/lib/router/index.js:281:22
    at Function.process_params (/home/marcio.souza/projetos/repeat-please/code/repeat-please-api/node_modules/express/lib/router/index.js:335:12)
    at next (/home/marcio.souza/projetos/repeat-please/code/repeat-please-api/node_modules/express/lib/router/index.js:275:10)
    at jsonParser (/home/marcio.souza/projetos/repeat-please/code/repeat-please-api/node_modules/body-parser/lib/types/json.js:101:7)
    at Layer.handle [as handle_request] (/home/marcio.souza/projetos/repeat-please/code/repeat-please-api/node_modules/express/lib/router/layer.js:95:5)
    at trim_prefix (/home/marcio.souza/projetos/repeat-please/code/repeat-please-api/node_modules/express/lib/router/index.js:317:13)
    at /home/marcio.souza/projetos/repeat-please/code/repeat-please-api/node_modules/express/lib/router/index.js:284:7
    at Function.process_params (/home/marcio.souza/projetos/repeat-please/code/repeat-please-api/node_modules/express/lib/router/index.js:335:12)
    at next (/home/marcio.souza/projetos/repeat-please/code/repeat-please-api/node_modules/express/lib/router/index.js:275:10)
    at urlencodedParser (/home/marcio.souza/projetos/repeat-please/code/repeat-please-api/node_modules/body-parser/lib/types/urlencoded.js:82:7)
    at Layer.handle [as handle_request] (/home/marcio.souza/projetos/repeat-please/code/repeat-please-api/node_modules/express/lib/router/layer.js:95:5) {"timestamp":"2019-05-31 19:04:48"}
[32minfo[39m: ::1 - - [31/May/2019:22:04:48 +0000] "POST /repeat-please/lyric HTTP/1.1" 405 66 "-" "PostmanRuntime/7.6.0"
 {"timestamp":"2019-05-31 19:04:48"}
[31merror[39m: Error: Title required
    at module.exports.create (/home/marcio.souza/projetos/repeat-please/code/repeat-please-api/src/controllers/lyricController.js:12:38)
    at Layer.handle [as handle_request] (/home/marcio.souza/projetos/repeat-please/code/repeat-please-api/node_modules/express/lib/router/layer.js:95:5)
    at next (/home/marcio.souza/projetos/repeat-please/code/repeat-please-api/node_modules/express/lib/router/route.js:137:13)
    at Route.dispatch (/home/marcio.souza/projetos/repeat-please/code/repeat-please-api/node_modules/express/lib/router/route.js:112:3)
    at Layer.handle [as handle_request] (/home/marcio.souza/projetos/repeat-please/code/repeat-please-api/node_modules/express/lib/router/layer.js:95:5)
    at /home/marcio.souza/projetos/repeat-please/code/repeat-please-api/node_modules/express/lib/router/index.js:281:22
    at Function.process_params (/home/marcio.souza/projetos/repeat-please/code/repeat-please-api/node_modules/express/lib/router/index.js:335:12)
    at next (/home/marcio.souza/projetos/repeat-please/code/repeat-please-api/node_modules/express/lib/router/index.js:275:10)
    at jsonParser (/home/marcio.souza/projetos/repeat-please/code/repeat-please-api/node_modules/body-parser/lib/types/json.js:101:7)
    at Layer.handle [as handle_request] (/home/marcio.souza/projetos/repeat-please/code/repeat-please-api/node_modules/express/lib/router/layer.js:95:5)
    at trim_prefix (/home/marcio.souza/projetos/repeat-please/code/repeat-please-api/node_modules/express/lib/router/index.js:317:13)
    at /home/marcio.souza/projetos/repeat-please/code/repeat-please-api/node_modules/express/lib/router/index.js:284:7
    at Function.process_params (/home/marcio.souza/projetos/repeat-please/code/repeat-please-api/node_modules/express/lib/router/index.js:335:12)
    at next (/home/marcio.souza/projetos/repeat-please/code/repeat-please-api/node_modules/express/lib/router/index.js:275:10)
    at urlencodedParser (/home/marcio.souza/projetos/repeat-please/code/repeat-please-api/node_modules/body-parser/lib/types/urlencoded.js:82:7)
    at Layer.handle [as handle_request] (/home/marcio.souza/projetos/repeat-please/code/repeat-please-api/node_modules/express/lib/router/layer.js:95:5) {"timestamp":"2019-05-31 19:08:36"}
[32minfo[39m: ::1 - - [31/May/2019:22:08:36 +0000] "POST /repeat-please/lyric HTTP/1.1" 500 109 "-" "PostmanRuntime/7.6.0"
 {"timestamp":"2019-05-31 19:08:36"}
[31merror[39m: Error: Title required
    at module.exports.create (/home/marcio.souza/projetos/repeat-please/code/repeat-please-api/src/controllers/lyricController.js:12:38)
    at Layer.handle [as handle_request] (/home/marcio.souza/projetos/repeat-please/code/repeat-please-api/node_modules/express/lib/router/layer.js:95:5)
    at next (/home/marcio.souza/projetos/repeat-please/code/repeat-please-api/node_modules/express/lib/router/route.js:137:13)
    at Route.dispatch (/home/marcio.souza/projetos/repeat-please/code/repeat-please-api/node_modules/express/lib/router/route.js:112:3)
    at Layer.handle [as handle_request] (/home/marcio.souza/projetos/repeat-please/code/repeat-please-api/node_modules/express/lib/router/layer.js:95:5)
    at /home/marcio.souza/projetos/repeat-please/code/repeat-please-api/node_modules/express/lib/router/index.js:281:22
    at Function.process_params (/home/marcio.souza/projetos/repeat-please/code/repeat-please-api/node_modules/express/lib/router/index.js:335:12)
    at next (/home/marcio.souza/projetos/repeat-please/code/repeat-please-api/node_modules/express/lib/router/index.js:275:10)
    at jsonParser (/home/marcio.souza/projetos/repeat-please/code/repeat-please-api/node_modules/body-parser/lib/types/json.js:101:7)
    at Layer.handle [as handle_request] (/home/marcio.souza/projetos/repeat-please/code/repeat-please-api/node_modules/express/lib/router/layer.js:95:5)
    at trim_prefix (/home/marcio.souza/projetos/repeat-please/code/repeat-please-api/node_modules/express/lib/router/index.js:317:13)
    at /home/marcio.souza/projetos/repeat-please/code/repeat-please-api/node_modules/express/lib/router/index.js:284:7
    at Function.process_params (/home/marcio.souza/projetos/repeat-please/code/repeat-please-api/node_modules/express/lib/router/index.js:335:12)
    at next (/home/marcio.souza/projetos/repeat-please/code/repeat-please-api/node_modules/express/lib/router/index.js:275:10)
    at urlencodedParser (/home/marcio.souza/projetos/repeat-please/code/repeat-please-api/node_modules/body-parser/lib/types/urlencoded.js:82:7)
    at Layer.handle [as handle_request] (/home/marcio.souza/projetos/repeat-please/code/repeat-please-api/node_modules/express/lib/router/layer.js:95:5) {"timestamp":"2019-05-31 19:09:45"}
[32minfo[39m: ::1 - - [31/May/2019:22:11:03 +0000] "POST /repeat-please/lyric HTTP/1.1" 500 109 "-" "PostmanRuntime/7.6.0"
 {"timestamp":"2019-05-31 19:11:03"}
[31merror[39m: Error: Title required
    at module.exports.create (/home/marcio.souza/projetos/repeat-please/code/repeat-please-api/src/controllers/lyricController.js:12:38)
    at Layer.handle [as handle_request] (/home/marcio.souza/projetos/repeat-please/code/repeat-please-api/node_modules/express/lib/router/layer.js:95:5)
    at next (/home/marcio.souza/projetos/repeat-please/code/repeat-please-api/node_modules/express/lib/router/route.js:137:13)
    at Route.dispatch (/home/marcio.souza/projetos/repeat-please/code/repeat-please-api/node_modules/express/lib/router/route.js:112:3)
    at Layer.handle [as handle_request] (/home/marcio.souza/projetos/repeat-please/code/repeat-please-api/node_modules/express/lib/router/layer.js:95:5)
    at /home/marcio.souza/projetos/repeat-please/code/repeat-please-api/node_modules/express/lib/router/index.js:281:22
    at Function.process_params (/home/marcio.souza/projetos/repeat-please/code/repeat-please-api/node_modules/express/lib/router/index.js:335:12)
    at next (/home/marcio.souza/projetos/repeat-please/code/repeat-please-api/node_modules/express/lib/router/index.js:275:10)
    at jsonParser (/home/marcio.souza/projetos/repeat-please/code/repeat-please-api/node_modules/body-parser/lib/types/json.js:101:7)
    at Layer.handle [as handle_request] (/home/marcio.souza/projetos/repeat-please/code/repeat-please-api/node_modules/express/lib/router/layer.js:95:5)
    at trim_prefix (/home/marcio.souza/projetos/repeat-please/code/repeat-please-api/node_modules/express/lib/router/index.js:317:13)
    at /home/marcio.souza/projetos/repeat-please/code/repeat-please-api/node_modules/express/lib/router/index.js:284:7
    at Function.process_params (/home/marcio.souza/projetos/repeat-please/code/repeat-please-api/node_modules/express/lib/router/index.js:335:12)
    at next (/home/marcio.souza/projetos/repeat-please/code/repeat-please-api/node_modules/express/lib/router/index.js:275:10)
    at urlencodedParser (/home/marcio.souza/projetos/repeat-please/code/repeat-please-api/node_modules/body-parser/lib/types/urlencoded.js:82:7)
    at Layer.handle [as handle_request] (/home/marcio.souza/projetos/repeat-please/code/repeat-please-api/node_modules/express/lib/router/layer.js:95:5) {"timestamp":"2019-05-31 19:17:33"}
[32minfo[39m: ::1 - - [31/May/2019:22:17:33 +0000] "POST /repeat-please/lyric HTTP/1.1" 500 80 "-" "PostmanRuntime/7.6.0"
 {"timestamp":"2019-05-31 19:17:33"}
[31merror[39m: Error: Title required
    at module.exports.create (/home/marcio.souza/projetos/repeat-please/code/repeat-please-api/src/controllers/lyricController.js:11:38)
    at Layer.handle [as handle_request] (/home/marcio.souza/projetos/repeat-please/code/repeat-please-api/node_modules/express/lib/router/layer.js:95:5)
    at next (/home/marcio.souza/projetos/repeat-please/code/repeat-please-api/node_modules/express/lib/router/route.js:137:13)
    at Route.dispatch (/home/marcio.souza/projetos/repeat-please/code/repeat-please-api/node_modules/express/lib/router/route.js:112:3)
    at Layer.handle [as handle_request] (/home/marcio.souza/projetos/repeat-please/code/repeat-please-api/node_modules/express/lib/router/layer.js:95:5)
    at /home/marcio.souza/projetos/repeat-please/code/repeat-please-api/node_modules/express/lib/router/index.js:281:22
    at Function.process_params (/home/marcio.souza/projetos/repeat-please/code/repeat-please-api/node_modules/express/lib/router/index.js:335:12)
    at next (/home/marcio.souza/projetos/repeat-please/code/repeat-please-api/node_modules/express/lib/router/index.js:275:10)
    at jsonParser (/home/marcio.souza/projetos/repeat-please/code/repeat-please-api/node_modules/body-parser/lib/types/json.js:101:7)
    at Layer.handle [as handle_request] (/home/marcio.souza/projetos/repeat-please/code/repeat-please-api/node_modules/express/lib/router/layer.js:95:5)
    at trim_prefix (/home/marcio.souza/projetos/repeat-please/code/repeat-please-api/node_modules/express/lib/router/index.js:317:13)
    at /home/marcio.souza/projetos/repeat-please/code/repeat-please-api/node_modules/express/lib/router/index.js:284:7
    at Function.process_params (/home/marcio.souza/projetos/repeat-please/code/repeat-please-api/node_modules/express/lib/router/index.js:335:12)
    at next (/home/marcio.souza/projetos/repeat-please/code/repeat-please-api/node_modules/express/lib/router/index.js:275:10)
    at urlencodedParser (/home/marcio.souza/projetos/repeat-please/code/repeat-please-api/node_modules/body-parser/lib/types/urlencoded.js:82:7)
    at Layer.handle [as handle_request] (/home/marcio.souza/projetos/repeat-please/code/repeat-please-api/node_modules/express/lib/router/layer.js:95:5) {"timestamp":"2019-05-31 19:23:19"}
[32minfo[39m: ::1 - - [31/May/2019:22:23:19 +0000] "POST /repeat-please/lyric HTTP/1.1" 201 215 "-" "PostmanRuntime/7.6.0"
 {"timestamp":"2019-05-31 19:23:19"}
[31merror[39m: Error: Title required
    at module.exports.create (/home/marcio.souza/projetos/repeat-please/code/repeat-please-api/src/controllers/lyricController.js:11:38)
    at Layer.handle [as handle_request] (/home/marcio.souza/projetos/repeat-please/code/repeat-please-api/node_modules/express/lib/router/layer.js:95:5)
    at next (/home/marcio.souza/projetos/repeat-please/code/repeat-please-api/node_modules/express/lib/router/route.js:137:13)
    at Route.dispatch (/home/marcio.souza/projetos/repeat-please/code/repeat-please-api/node_modules/express/lib/router/route.js:112:3)
    at Layer.handle [as handle_request] (/home/marcio.souza/projetos/repeat-please/code/repeat-please-api/node_modules/express/lib/router/layer.js:95:5)
    at /home/marcio.souza/projetos/repeat-please/code/repeat-please-api/node_modules/express/lib/router/index.js:281:22
    at Function.process_params (/home/marcio.souza/projetos/repeat-please/code/repeat-please-api/node_modules/express/lib/router/index.js:335:12)
    at next (/home/marcio.souza/projetos/repeat-please/code/repeat-please-api/node_modules/express/lib/router/index.js:275:10)
    at jsonParser (/home/marcio.souza/projetos/repeat-please/code/repeat-please-api/node_modules/body-parser/lib/types/json.js:101:7)
    at Layer.handle [as handle_request] (/home/marcio.souza/projetos/repeat-please/code/repeat-please-api/node_modules/express/lib/router/layer.js:95:5)
    at trim_prefix (/home/marcio.souza/projetos/repeat-please/code/repeat-please-api/node_modules/express/lib/router/index.js:317:13)
    at /home/marcio.souza/projetos/repeat-please/code/repeat-please-api/node_modules/express/lib/router/index.js:284:7
    at Function.process_params (/home/marcio.souza/projetos/repeat-please/code/repeat-please-api/node_modules/express/lib/router/index.js:335:12)
    at next (/home/marcio.souza/projetos/repeat-please/code/repeat-please-api/node_modules/express/lib/router/index.js:275:10)
    at urlencodedParser (/home/marcio.souza/projetos/repeat-please/code/repeat-please-api/node_modules/body-parser/lib/types/urlencoded.js:82:7)
    at Layer.handle [as handle_request] (/home/marcio.souza/projetos/repeat-please/code/repeat-please-api/node_modules/express/lib/router/layer.js:95:5) {"timestamp":"2019-05-31 19:43:13"}
[32minfo[39m: ::1 - - [31/May/2019:22:44:15 +0000] "POST /repeat-please/lyric HTTP/1.1" 201 215 "-" "PostmanRuntime/7.6.0"
 {"timestamp":"2019-05-31 19:44:15"}
